[2025/06/26 13:50:34.238] - Starting server with initial configuration: {"gasLimit":6721975,"gasPrice":20000000000,"hardfork":"merge","hostname":"127.0.0.1","port":7545,"network_id":5777,"default_balance_ether":100,"total_accounts":10,"unlocked_accounts":[],"locked":false,"vmErrorsOnRPCResponse":true,"verbose":true,"flavor":"ethereum","db_path":"C:\\Users\\rigaa\\AppData\\Roaming\\Ganache\\ui\\workspaces\\tugas-akhir\\chaindata","mnemonic":"fun strong toilet ankle height measure erase fringe surround fatal abstract raven","logDirectory":"E:\\2025\\Terbaru\\htdocs\\tugasakhir\\blockchain\\scripts"}
[2025/06/26 13:50:34.410] -    >  eth_getCode: [
   >   "0x02186dc50b534c48d37ea2d2c60ff40ac28e92c8",
   >   "latest"
   > ]
[2025/06/26 13:50:34.448] -    >  eth_subscribe: [
   >   "newHeads"
   > ]
[2025/06/26 13:50:34.449] -    >  eth_getLogs: [
   >   {
   >     "fromBlock": null,
   >     "topics": []
   >   }
   > ]
[2025/06/26 13:50:34.450] -    >  eth_subscribe: [
   >   "logs",
   >   {
   >     "topics": []
   >   }
   > ]
[2025/06/26 13:50:34.471] -    >  eth_getCode: [
   >   "0x02186dc50b534c48d37ea2d2c60ff40ac28e92c8",
   >   "latest"
   > ]
[2025/06/26 13:50:34.472] -    >  eth_subscribe: [
   >   "newHeads"
   > ]
[2025/06/26 13:50:34.473] -    >  eth_getLogs: [
   >   {
   >     "fromBlock": null,
   >     "topics": []
   >   }
   > ]
[2025/06/26 13:50:34.473] -    >  eth_subscribe: [
   >   "logs",
   >   {
   >     "topics": []
   >   }
   > ]
[2025/06/26 13:50:34.474] -    >  eth_blockNumber: []
[2025/06/26 13:50:34.474] -    >  eth_accounts: []
[2025/06/26 13:50:34.474] -    >  eth_gasPrice: []
[2025/06/26 13:50:34.475] -    >  eth_getBlockByNumber: [
   >   "latest",
   >   false
   > ]
[2025/06/26 13:50:34.475] -    >  eth_subscribe: [
   >   "newHeads"
   > ]
[2025/06/26 13:50:34.477] -    >  eth_blockNumber: []
[2025/06/26 13:50:34.477] -    >  eth_accounts: []
[2025/06/26 13:50:34.477] -    >  eth_gasPrice: []
[2025/06/26 13:50:34.478] -    >  eth_getBlockByNumber: [
   >   "latest",
   >   false
   > ]
[2025/06/26 13:50:34.478] -    >  eth_subscribe: [
   >   "newHeads"
   > ]
[2025/06/26 13:50:34.488] -    >  eth_accounts: []
[2025/06/26 13:50:34.528] -    >  eth_getBalance: [
   >   "0x9cb137726e6528776d5386d0f8815ce7e75e810a",
   >   "latest"
   > ]
[2025/06/26 13:50:34.531] -    >  eth_getTransactionCount: [
   >   "0x9cb137726e6528776d5386d0f8815ce7e75e810a",
   >   "latest"
   > ]
[2025/06/26 13:50:34.534] -    >  eth_getBalance: [
   >   "0xa3dbae366aa3719835691b33fd14a57d3afeacbe",
   >   "latest"
   > ]
[2025/06/26 13:50:34.537] -    >  eth_getTransactionCount: [
   >   "0xa3dbae366aa3719835691b33fd14a57d3afeacbe",
   >   "latest"
   > ]
[2025/06/26 13:50:34.541] -    >  eth_getBalance: [
   >   "0xa81f6386df764c301c072983f131ef5c61bb7c9e",
   >   "latest"
   > ]
[2025/06/26 13:50:34.546] -    >  eth_getTransactionCount: [
   >   "0xa81f6386df764c301c072983f131ef5c61bb7c9e",
   >   "latest"
   > ]
[2025/06/26 13:50:34.552] -    >  eth_getBalance: [
   >   "0x38dea7454f162b93617a1b3d17f79e0a234fc3da",
   >   "latest"
   > ]
[2025/06/26 13:50:34.557] -    >  eth_getTransactionCount: [
   >   "0x38dea7454f162b93617a1b3d17f79e0a234fc3da",
   >   "latest"
   > ]
[2025/06/26 13:50:34.564] -    >  eth_getBalance: [
   >   "0x13c3bec9e5bf40977156bb92a364d2ae2489f8fb",
   >   "latest"
   > ]
[2025/06/26 13:50:34.569] -    >  eth_getTransactionCount: [
   >   "0x13c3bec9e5bf40977156bb92a364d2ae2489f8fb",
   >   "latest"
   > ]
[2025/06/26 13:50:34.572] -    >  eth_getBalance: [
   >   "0xcbdf868b01b99a6dd23e89541f2b201834513f15",
   >   "latest"
   > ]
[2025/06/26 13:50:34.577] -    >  eth_getTransactionCount: [
   >   "0xcbdf868b01b99a6dd23e89541f2b201834513f15",
   >   "latest"
   > ]
[2025/06/26 13:50:34.580] -    >  eth_getBalance: [
   >   "0xc5cbb5862dd7d6085c214996ad733329f28e1697",
   >   "latest"
   > ]
[2025/06/26 13:50:34.586] -    >  eth_getTransactionCount: [
   >   "0xc5cbb5862dd7d6085c214996ad733329f28e1697",
   >   "latest"
   > ]
[2025/06/26 13:50:34.589] -    >  eth_getBalance: [
   >   "0x42b6140c3fa6510a650f8b78f9e3e96ac6f6542b",
   >   "latest"
   > ]
[2025/06/26 13:50:34.591] -    >  eth_getTransactionCount: [
   >   "0x42b6140c3fa6510a650f8b78f9e3e96ac6f6542b",
   >   "latest"
   > ]
[2025/06/26 13:50:34.594] -    >  eth_getBalance: [
   >   "0xf814ad63db7d5b69440604cc90e53d86c584e99a",
   >   "latest"
   > ]
[2025/06/26 13:50:34.597] -    >  eth_getTransactionCount: [
   >   "0xf814ad63db7d5b69440604cc90e53d86c584e99a",
   >   "latest"
   > ]
[2025/06/26 13:50:34.600] -    >  eth_getBalance: [
   >   "0x3a3df7fa386e99b87ec642876cdc1612a0e10ee7",
   >   "latest"
   > ]
[2025/06/26 13:50:34.602] -    >  eth_getTransactionCount: [
   >   "0x3a3df7fa386e99b87ec642876cdc1612a0e10ee7",
   >   "latest"
   > ]
[2025/06/26 13:50:34.608] -    >  eth_getBalance: [
   >   "0x9cb137726e6528776d5386d0f8815ce7e75e810a",
   >   "latest"
   > ]
[2025/06/26 13:50:34.612] -    >  eth_getTransactionCount: [
   >   "0x9cb137726e6528776d5386d0f8815ce7e75e810a",
   >   "latest"
   > ]
[2025/06/26 13:50:34.615] -    >  eth_getBalance: [
   >   "0xa3dbae366aa3719835691b33fd14a57d3afeacbe",
   >   "latest"
   > ]
[2025/06/26 13:50:34.620] -    >  eth_getTransactionCount: [
   >   "0xa3dbae366aa3719835691b33fd14a57d3afeacbe",
   >   "latest"
   > ]
[2025/06/26 13:50:34.623] -    >  eth_getBalance: [
   >   "0xa81f6386df764c301c072983f131ef5c61bb7c9e",
   >   "latest"
   > ]
[2025/06/26 13:50:34.625] -    >  eth_getTransactionCount: [
   >   "0xa81f6386df764c301c072983f131ef5c61bb7c9e",
   >   "latest"
   > ]
[2025/06/26 13:50:34.627] -    >  eth_getBalance: [
   >   "0x38dea7454f162b93617a1b3d17f79e0a234fc3da",
   >   "latest"
   > ]
[2025/06/26 13:50:34.631] -    >  eth_getTransactionCount: [
   >   "0x38dea7454f162b93617a1b3d17f79e0a234fc3da",
   >   "latest"
   > ]
[2025/06/26 13:50:34.634] -    >  eth_getBalance: [
   >   "0x13c3bec9e5bf40977156bb92a364d2ae2489f8fb",
   >   "latest"
   > ]
[2025/06/26 13:50:34.636] -    >  eth_getTransactionCount: [
   >   "0x13c3bec9e5bf40977156bb92a364d2ae2489f8fb",
   >   "latest"
   > ]
[2025/06/26 13:50:34.638] -    >  eth_getBalance: [
   >   "0xcbdf868b01b99a6dd23e89541f2b201834513f15",
   >   "latest"
   > ]
[2025/06/26 13:50:34.640] -    >  eth_getTransactionCount: [
   >   "0xcbdf868b01b99a6dd23e89541f2b201834513f15",
   >   "latest"
   > ]
[2025/06/26 13:50:34.642] -    >  eth_getBalance: [
   >   "0xc5cbb5862dd7d6085c214996ad733329f28e1697",
   >   "latest"
   > ]
[2025/06/26 13:50:34.645] -    >  eth_getTransactionCount: [
   >   "0xc5cbb5862dd7d6085c214996ad733329f28e1697",
   >   "latest"
   > ]
[2025/06/26 13:50:34.649] -    >  eth_getBalance: [
   >   "0x42b6140c3fa6510a650f8b78f9e3e96ac6f6542b",
   >   "latest"
   > ]
[2025/06/26 13:50:34.651] -    >  eth_getTransactionCount: [
   >   "0x42b6140c3fa6510a650f8b78f9e3e96ac6f6542b",
   >   "latest"
   > ]
[2025/06/26 13:50:34.653] -    >  eth_getBalance: [
   >   "0xf814ad63db7d5b69440604cc90e53d86c584e99a",
   >   "latest"
   > ]
[2025/06/26 13:50:34.655] -    >  eth_getTransactionCount: [
   >   "0xf814ad63db7d5b69440604cc90e53d86c584e99a",
   >   "latest"
   > ]
[2025/06/26 13:50:34.657] -    >  eth_getBalance: [
   >   "0x3a3df7fa386e99b87ec642876cdc1612a0e10ee7",
   >   "latest"
   > ]
[2025/06/26 13:50:34.659] -    >  eth_getTransactionCount: [
   >   "0x3a3df7fa386e99b87ec642876cdc1612a0e10ee7",
   >   "latest"
   > ]
[2025/06/26 13:50:34.661] -    >  eth_getBalance: [
   >   "0x9cb137726e6528776d5386d0f8815ce7e75e810a",
   >   "latest"
   > ]
[2025/06/26 13:50:34.664] -    >  eth_getTransactionCount: [
   >   "0x9cb137726e6528776d5386d0f8815ce7e75e810a",
   >   "latest"
   > ]
[2025/06/26 13:50:34.667] -    >  eth_getBalance: [
   >   "0xa3dbae366aa3719835691b33fd14a57d3afeacbe",
   >   "latest"
   > ]
[2025/06/26 13:50:34.669] -    >  eth_getTransactionCount: [
   >   "0xa3dbae366aa3719835691b33fd14a57d3afeacbe",
   >   "latest"
   > ]
[2025/06/26 13:50:34.672] -    >  eth_getBalance: [
   >   "0xa81f6386df764c301c072983f131ef5c61bb7c9e",
   >   "latest"
   > ]
[2025/06/26 13:50:34.674] -    >  eth_getTransactionCount: [
   >   "0xa81f6386df764c301c072983f131ef5c61bb7c9e",
   >   "latest"
   > ]
[2025/06/26 13:50:34.676] -    >  eth_getBalance: [
   >   "0x38dea7454f162b93617a1b3d17f79e0a234fc3da",
   >   "latest"
   > ]
[2025/06/26 13:50:34.678] -    >  eth_getTransactionCount: [
   >   "0x38dea7454f162b93617a1b3d17f79e0a234fc3da",
   >   "latest"
   > ]
[2025/06/26 13:50:34.681] -    >  eth_getBalance: [
   >   "0x13c3bec9e5bf40977156bb92a364d2ae2489f8fb",
   >   "latest"
   > ]
[2025/06/26 13:50:34.685] -    >  eth_getTransactionCount: [
   >   "0x13c3bec9e5bf40977156bb92a364d2ae2489f8fb",
   >   "latest"
   > ]
[2025/06/26 13:50:34.687] -    >  eth_getBalance: [
   >   "0xcbdf868b01b99a6dd23e89541f2b201834513f15",
   >   "latest"
   > ]
[2025/06/26 13:50:34.689] -    >  eth_getTransactionCount: [
   >   "0xcbdf868b01b99a6dd23e89541f2b201834513f15",
   >   "latest"
   > ]
[2025/06/26 13:50:34.691] -    >  eth_getBalance: [
   >   "0xc5cbb5862dd7d6085c214996ad733329f28e1697",
   >   "latest"
   > ]
[2025/06/26 13:50:34.693] -    >  eth_getTransactionCount: [
   >   "0xc5cbb5862dd7d6085c214996ad733329f28e1697",
   >   "latest"
   > ]
[2025/06/26 13:50:34.696] -    >  eth_getBalance: [
   >   "0x42b6140c3fa6510a650f8b78f9e3e96ac6f6542b",
   >   "latest"
   > ]
[2025/06/26 13:50:34.699] -    >  eth_getTransactionCount: [
   >   "0x42b6140c3fa6510a650f8b78f9e3e96ac6f6542b",
   >   "latest"
   > ]
[2025/06/26 13:50:34.702] -    >  eth_getBalance: [
   >   "0xf814ad63db7d5b69440604cc90e53d86c584e99a",
   >   "latest"
   > ]
[2025/06/26 13:50:34.703] -    >  eth_getTransactionCount: [
   >   "0xf814ad63db7d5b69440604cc90e53d86c584e99a",
   >   "latest"
   > ]
[2025/06/26 13:50:34.705] -    >  eth_getBalance: [
   >   "0x3a3df7fa386e99b87ec642876cdc1612a0e10ee7",
   >   "latest"
   > ]
[2025/06/26 13:50:34.707] -    >  eth_getTransactionCount: [
   >   "0x3a3df7fa386e99b87ec642876cdc1612a0e10ee7",
   >   "latest"
   > ]
[2025/06/26 13:50:34.762] -    >  eth_getBalance: [
   >   "0x9cb137726e6528776d5386d0f8815ce7e75e810a",
   >   "latest"
   > ]
[2025/06/26 13:50:34.765] -    >  eth_getTransactionCount: [
   >   "0x9cb137726e6528776d5386d0f8815ce7e75e810a",
   >   "latest"
   > ]
[2025/06/26 13:50:34.767] -    >  eth_getBalance: [
   >   "0xa3dbae366aa3719835691b33fd14a57d3afeacbe",
   >   "latest"
   > ]
[2025/06/26 13:50:34.769] -    >  eth_getTransactionCount: [
   >   "0xa3dbae366aa3719835691b33fd14a57d3afeacbe",
   >   "latest"
   > ]
[2025/06/26 13:50:34.771] -    >  eth_getBalance: [
   >   "0xa81f6386df764c301c072983f131ef5c61bb7c9e",
   >   "latest"
   > ]
[2025/06/26 13:50:34.774] -    >  eth_getTransactionCount: [
   >   "0xa81f6386df764c301c072983f131ef5c61bb7c9e",
   >   "latest"
   > ]
[2025/06/26 13:50:34.775] -    >  eth_getBalance: [
   >   "0x38dea7454f162b93617a1b3d17f79e0a234fc3da",
   >   "latest"
   > ]
[2025/06/26 13:50:34.777] -    >  eth_getTransactionCount: [
   >   "0x38dea7454f162b93617a1b3d17f79e0a234fc3da",
   >   "latest"
   > ]
[2025/06/26 13:50:34.780] -    >  eth_getBalance: [
   >   "0x13c3bec9e5bf40977156bb92a364d2ae2489f8fb",
   >   "latest"
   > ]
[2025/06/26 13:50:34.783] -    >  eth_getTransactionCount: [
   >   "0x13c3bec9e5bf40977156bb92a364d2ae2489f8fb",
   >   "latest"
   > ]
[2025/06/26 13:50:34.786] -    >  eth_getBalance: [
   >   "0xcbdf868b01b99a6dd23e89541f2b201834513f15",
   >   "latest"
   > ]
[2025/06/26 13:50:34.788] -    >  eth_getTransactionCount: [
   >   "0xcbdf868b01b99a6dd23e89541f2b201834513f15",
   >   "latest"
   > ]
[2025/06/26 13:50:34.790] -    >  eth_getBalance: [
   >   "0xc5cbb5862dd7d6085c214996ad733329f28e1697",
   >   "latest"
   > ]
[2025/06/26 13:50:34.791] -    >  eth_getTransactionCount: [
   >   "0xc5cbb5862dd7d6085c214996ad733329f28e1697",
   >   "latest"
   > ]
[2025/06/26 13:50:34.793] -    >  eth_getBalance: [
   >   "0x42b6140c3fa6510a650f8b78f9e3e96ac6f6542b",
   >   "latest"
   > ]
[2025/06/26 13:50:34.796] -    >  eth_getTransactionCount: [
   >   "0x42b6140c3fa6510a650f8b78f9e3e96ac6f6542b",
   >   "latest"
   > ]
[2025/06/26 13:50:34.799] -    >  eth_getBalance: [
   >   "0xf814ad63db7d5b69440604cc90e53d86c584e99a",
   >   "latest"
   > ]
[2025/06/26 13:50:34.801] -    >  eth_getTransactionCount: [
   >   "0xf814ad63db7d5b69440604cc90e53d86c584e99a",
   >   "latest"
   > ]
[2025/06/26 13:50:34.803] -    >  eth_getBalance: [
   >   "0x3a3df7fa386e99b87ec642876cdc1612a0e10ee7",
   >   "latest"
   > ]
[2025/06/26 13:50:34.806] -    >  eth_getTransactionCount: [
   >   "0x3a3df7fa386e99b87ec642876cdc1612a0e10ee7",
   >   "latest"
   > ]
[2025/06/26 21:29:42.769] -    >  eth_unsubscribe: [
   >   "0x3"
   > ]
[2025/06/26 21:29:42.773] -    >  eth_unsubscribe: [
   >   "0x4"
   > ]
